eidate`
!DATE.TEC!
(EO-200) "L
@^A/%Macro requires TECO v200 or later/
(13) ^T
(10) ^T
^C
'
[X
[T
[M
[D
[Y
[W
[H
[M
[S
[0
[1
(^B) U0
((Q0/32) & 15) UM
((Q0)    & 31) UD
((Q0/512)) UY
(QD) UW
(QM-2) "=
(31%W) |
(QM-3) "=
(59%W) |
(QM-4) "=
(90%W) |
(QM-5) "=
(120%W) |
(QM-6) "=
(151%W) |
(QM-7) "=
(181%W) |
(QM-8) "=
(212%W) |
(QM-9) "=
(243%W) |
(QM-10) "=
(273%W) |
(QM-11) "=
(304%W) |
(QM-12) "=
(334%W) '
'
'
'
'
'
'
'
'
'
'
(QY & 3) "=
(QW-59) ">
(1%W) '
'
(QY+QW+(QY-1/4)) U1
(Q1-(Q1/7*7)) U1
(Q1-0) "=
@^UW%Sunday%
|
(Q1-1) "=
@^UW%Monday%
|
(Q1-2) "=
@^UW%Tuesday%
|
(Q1-3) "=
@^UW%Wednesday%
|
(Q1-4) "=
@^UW%Thursday%
|
(Q1-5) "=
@^UW%Friday%
|
(Q1-6) "=
@^UW%Saturday%
'
'
'
'
'
'
'
(QM-1) "=
@^UM%January%
|
(QM-2) "=
@^UM%February%
|
(QM-3) "=
@^UM%March%
|
(QM-4) "=
@^UM%April%
|
(QM-5) "=
@^UM%May%
|
(QM-6) "=
@^UM%June%
|
(QM-7) "=
@^UM%July%
|
(QM-8) "=
@^UM%August%
|
(QM-9) "=
@^UM%September%
|
(QM-10) "=
@^UM%October%
|
(QM-11) "=
@^UM%November%
|
(QM-12) "=
@^UM%December%
'
'
'
'
'
'
'
'
'
'
'
'
(^H) UT
(E3&4) "E
(QT*2) U0
|
(QT/1000) U0
(QT-(Q0*1000)) UX
'
(Q0/3600) UH
(QH*3600) U1
((Q0-Q1)/60) UN
((Q0-Q1)-(QN*60)) US
:GW
(^^,) ^T
(32) ^T
:GM
(32) ^T
(QD) :=
(^^,) ^T
(32) ^T
(1900+QY) :=
(32) ^T
(QH-10) "<
(^^0) ^T
'
(QH) :=
(^^:) ^T
(QN-10) "<
(^^0) ^T
'
(QN) :=
(^^:) ^T
(QS-10) "<
(^^0) ^T
'
(QS) :=
(E3&4) "N
(^^.) ^T
(QX-100) "<
(^^0) ^T
'
(QX-10) "<
(^^0) ^T
'
(QX) :=
'
(13) ^T
(10) ^T
]1
]0
]S
]M
]H
]W
]Y
]D
]M
]T
]X
ex
