*eitecoc$$
[Debugging mode on]
eitecoc`                                                               ! #1 !
ex$$
!CLPARS.TEC V2.3 14-May-2004 Tom Almy, Pete Siemsen, and Mark Henderson!  ! #2 !

 [F                                                                   ! #3 !
0,0 XF                                                                 ! #4 !
[9                                                                     ! #5 !
0,0 X9                                                                 ! #6 !
[0                                                                     ! #7 !
0,0 X0                                                                 ! #8 !
[2                                                                     ! #9 !
0,0 X2                                                                 ! #10 !
10 U0                                                                  ! #11 !
[0                                                                     ! #12 !
^D                                                                      ! #13 !
^X U0                                                                   ! #14 !
[0                                                                     ! #15 !
0 ^X                                                                    ! #16 !
ED U0                                                                  ! #17 !
[0                                                                     ! #18 !
ED&4 ED                                                                ! #19 !
EU U0                                                                  ! #20 !
[0                                                                     ! #21 !
-1 EU                                                                  ! #22 !

ES U0                                                                 ! #23 !
[0                                                                     ! #24 !
0 ES                                                                   ! #25 !
ET U0                                                                  ! #26 !
[0                                                                     ! #27 !
32768#32#8#1,0 ET                                                      ! #28 !
Q1 U0                                                                  ! #29 !
0 U1                                                                   ! #30 !
[1                                                                     ! #31 !
0,0 X1                                                                 ! #32 !
0 U4                                                                   ! #33 !

(-1EJ-25600)*(-1EJ-25858) "E                                          ! #34 !
    ^^- UY                                                              ! #35 !
?UTC   Unterminated command ""
*^C
*^C
